<?xml version="1.0" encoding="UTF-8"?>
<testsuite name="com.mindex.challenge.service.impl.CompensationServiceImplTest" tests="3" skipped="0" failures="0" errors="0" timestamp="2024-10-10T18:17:01" hostname="DESKTOP-25EDFH5" time="1.585">
  <properties/>
  <testcase name="testPersistence" classname="com.mindex.challenge.service.impl.CompensationServiceImplTest" time="1.488"/>
  <testcase name="testNewDateUpdate" classname="com.mindex.challenge.service.impl.CompensationServiceImplTest" time="0.045"/>
  <testcase name="testCreateReadUpdate" classname="com.mindex.challenge.service.impl.CompensationServiceImplTest" time="0.048"/>
  <system-out><![CDATA[14:16:56.218 [Test worker] INFO org.springframework.test.context.support.AnnotationConfigContextLoaderUtils -- Could not detect default configuration classes for test class [com.mindex.challenge.service.impl.CompensationServiceImplTest]: CompensationServiceImplTest does not declare any static, non-private, non-final, nested classes annotated with @Configuration.
14:16:56.426 [Test worker] INFO org.springframework.boot.test.context.SpringBootTestContextBootstrapper -- Found @SpringBootConfiguration com.mindex.challenge.ChallengeApplication for test class com.mindex.challenge.service.impl.CompensationServiceImplTest

  .   ____          _            __ _ _
 /\\ / ___'_ __ _ _(_)_ __  __ _ \ \ \ \
( ( )\___ | '_ | '_| | '_ \/ _` | \ \ \ \
 \\/  ___)| |_)| | | | | || (_| |  ) ) ) )
  '  |____| .__|_| |_|_| |_\__, | / / / /
 =========|_|==============|___/=/_/_/_/
 :: Spring Boot ::                (v3.2.3)

2024-10-10T14:16:57.123-04:00  INFO 4264 --- [    Test worker] c.m.c.s.i.CompensationServiceImplTest    : Starting CompensationServiceImplTest using Java 21.0.3 with PID 4264 (started by Jordan in C:\Users\Jordan\Downloads\mindex-code-challenge\mindex-code-challenge)
2024-10-10T14:16:57.125-04:00 DEBUG 4264 --- [    Test worker] c.m.c.s.i.CompensationServiceImplTest    : Running with Spring Boot v3.2.3, Spring v6.1.4
2024-10-10T14:16:57.126-04:00  INFO 4264 --- [    Test worker] c.m.c.s.i.CompensationServiceImplTest    : No active profile set, falling back to 1 default profile: "default"
2024-10-10T14:16:57.916-04:00  INFO 4264 --- [    Test worker] .s.d.r.c.RepositoryConfigurationDelegate : Bootstrapping Spring Data MongoDB repositories in DEFAULT mode.
2024-10-10T14:16:57.984-04:00  INFO 4264 --- [    Test worker] .s.d.r.c.RepositoryConfigurationDelegate : Finished Spring Data repository scanning in 60 ms. Found 2 MongoDB repository interfaces.
2024-10-10T14:16:59.043-04:00  INFO 4264 --- [    Test worker] o.s.b.w.embedded.tomcat.TomcatWebServer  : Tomcat initialized with port 0 (http)
2024-10-10T14:16:59.064-04:00  INFO 4264 --- [    Test worker] o.apache.catalina.core.StandardService   : Starting service [Tomcat]
2024-10-10T14:16:59.064-04:00  INFO 4264 --- [    Test worker] o.apache.catalina.core.StandardEngine    : Starting Servlet engine: [Apache Tomcat/10.1.19]
2024-10-10T14:16:59.180-04:00  INFO 4264 --- [    Test worker] o.a.c.c.C.[Tomcat].[localhost].[/]       : Initializing Spring embedded WebApplicationContext
2024-10-10T14:16:59.182-04:00  INFO 4264 --- [    Test worker] w.s.c.ServletWebServerApplicationContext : Root WebApplicationContext: initialization completed in 2016 ms
2024-10-10T14:16:59.586-04:00  INFO 4264 --- [    Test worker] de.bwaldvogel.mongo.MongoServer          : started MongoServer(port: 62872, ssl: false)
2024-10-10T14:16:59.828-04:00  INFO 4264 --- [    Test worker] org.mongodb.driver.client                : MongoClient with metadata {"driver": {"name": "mongo-java-driver|sync", "version": "4.11.1"}, "os": {"type": "Windows", "name": "Windows 10", "architecture": "amd64", "version": "10.0"}, "platform": "Java/Oracle Corporation/21.0.3+7-LTS-152"} created with settings MongoClientSettings{readPreference=primary, writeConcern=WriteConcern{w=null, wTimeout=null ms, journal=null}, retryWrites=true, retryReads=true, readConcern=ReadConcern{level=null}, credential=null, transportSettings=null, streamFactoryFactory=null, commandListeners=[], codecRegistry=ProvidersCodecRegistry{codecProviders=[ValueCodecProvider{}, BsonValueCodecProvider{}, DBRefCodecProvider{}, DBObjectCodecProvider{}, DocumentCodecProvider{}, CollectionCodecProvider{}, IterableCodecProvider{}, MapCodecProvider{}, GeoJsonCodecProvider{}, GridFSFileCodecProvider{}, Jsr310CodecProvider{}, JsonObjectCodecProvider{}, BsonCodecProvider{}, EnumCodecProvider{}, com.mongodb.client.model.mql.ExpressionCodecProvider@6238d5e0, com.mongodb.Jep395RecordCodecProvider@336f49a1, com.mongodb.KotlinCodecProvider@2c8b8de0]}, loggerSettings=LoggerSettings{maxDocumentLength=1000}, clusterSettings={hosts=[kubernetes.docker.internal:62872], srvServiceName=mongodb, mode=SINGLE, requiredClusterType=UNKNOWN, requiredReplicaSetName='null', serverSelector='null', clusterListeners='[]', serverSelectionTimeout='30000 ms', localThreshold='15 ms'}, socketSettings=SocketSettings{connectTimeoutMS=10000, readTimeoutMS=0, receiveBufferSize=0, proxySettings=ProxySettings{host=null, port=null, username=null, password=null}}, heartbeatSocketSettings=SocketSettings{connectTimeoutMS=10000, readTimeoutMS=10000, receiveBufferSize=0, proxySettings=ProxySettings{host=null, port=null, username=null, password=null}}, connectionPoolSettings=ConnectionPoolSettings{maxSize=100, minSize=0, maxWaitTimeMS=120000, maxConnectionLifeTimeMS=0, maxConnectionIdleTimeMS=0, maintenanceInitialDelayMS=0, maintenanceFrequencyMS=60000, connectionPoolListeners=[], maxConnecting=2}, serverSettings=ServerSettings{heartbeatFrequencyMS=10000, minHeartbeatFrequencyMS=500, serverListeners='[]', serverMonitorListeners='[]'}, sslSettings=SslSettings{enabled=false, invalidHostNameAllowed=false, context=null}, applicationName='null', compressorList=[], uuidRepresentation=UNSPECIFIED, serverApi=null, autoEncryptionSettings=null, dnsClient=null, inetAddressResolver=null, contextProvider=null}
2024-10-10T14:16:59.846-04:00  INFO 4264 --- [-server-worker1] d.b.mongo.wire.MongoWireProtocolHandler  : client [id: 0x0b15c7b0, L:/127.0.0.1:62872 - R:/127.0.0.1:62874] connected
2024-10-10T14:16:59.846-04:00  INFO 4264 --- [-server-worker2] d.b.mongo.wire.MongoWireProtocolHandler  : client [id: 0x659f8f52, L:/127.0.0.1:62872 - R:/127.0.0.1:62873] connected
2024-10-10T14:16:59.963-04:00  INFO 4264 --- [.internal:62872] org.mongodb.driver.cluster               : Monitor thread successfully connected to server with description ServerDescription{address=kubernetes.docker.internal:62872, type=STANDALONE, state=CONNECTED, ok=true, minWireVersion=0, maxWireVersion=6, maxDocumentSize=16777216, logicalSessionTimeoutMinutes=null, roundTripTimeNanos=139451900}
2024-10-10T14:17:00.851-04:00  INFO 4264 --- [-server-worker3] d.b.mongo.wire.MongoWireProtocolHandler  : client [id: 0xf8a187a5, L:/127.0.0.1:62872 - R:/127.0.0.1:62875] connected
2024-10-10T14:17:00.923-04:00  INFO 4264 --- [-server-worker3] d.b.mongo.backend.AbstractMongoBackend   : created database test
2024-10-10T14:17:00.933-04:00  INFO 4264 --- [-server-worker3] d.b.mongo.backend.AbstractMongoDatabase  : adding unique _id index for collection employee
2024-10-10T14:17:00.943-04:00  INFO 4264 --- [-server-worker3] d.b.mongo.backend.AbstractMongoDatabase  : created collection test.employee
2024-10-10T14:17:01.573-04:00  INFO 4264 --- [    Test worker] o.s.b.w.embedded.tomcat.TomcatWebServer  : Tomcat started on port 62877 (http) with context path ''
2024-10-10T14:17:01.586-04:00  INFO 4264 --- [    Test worker] c.m.c.s.i.CompensationServiceImplTest    : Started CompensationServiceImplTest in 4.908 seconds (process running for 6.569)
2024-10-10T14:17:02.871-04:00  INFO 4264 --- [o-auto-1-exec-1] o.a.c.c.C.[Tomcat].[localhost].[/]       : Initializing Spring DispatcherServlet 'dispatcherServlet'
2024-10-10T14:17:02.871-04:00  INFO 4264 --- [o-auto-1-exec-1] o.s.web.servlet.DispatcherServlet        : Initializing Servlet 'dispatcherServlet'
2024-10-10T14:17:02.873-04:00  INFO 4264 --- [o-auto-1-exec-1] o.s.web.servlet.DispatcherServlet        : Completed initialization in 2 ms
2024-10-10T14:17:02.941-04:00 DEBUG 4264 --- [o-auto-1-exec-1] c.m.c.controller.CompensationController  : Received compensation create request for [com.mindex.challenge.data.Compensation@435f38a8]
2024-10-10T14:17:02.941-04:00 DEBUG 4264 --- [o-auto-1-exec-1] c.m.c.service.impl.EmployeeServiceImpl   : Creating compensation [com.mindex.challenge.data.Compensation@435f38a8]
2024-10-10T14:17:02.951-04:00  INFO 4264 --- [-server-worker3] d.b.mongo.backend.AbstractMongoDatabase  : adding unique _id index for collection compensation
2024-10-10T14:17:02.954-04:00  INFO 4264 --- [-server-worker3] d.b.mongo.backend.AbstractMongoDatabase  : created collection test.compensation
2024-10-10T14:17:02.986-04:00 DEBUG 4264 --- [o-auto-1-exec-2] c.m.c.controller.CompensationController  : Received compensation read request for id [62df8f1c-ffe7-4ea8-a7a0-c37c13cd003d]
2024-10-10T14:17:02.986-04:00 DEBUG 4264 --- [o-auto-1-exec-2] c.m.c.service.impl.EmployeeServiceImpl   : Reading compensation with id [62df8f1c-ffe7-4ea8-a7a0-c37c13cd003d]
2024-10-10T14:17:03.107-04:00 DEBUG 4264 --- [o-auto-1-exec-3] c.m.c.controller.CompensationController  : Received compensation create request for [com.mindex.challenge.data.Compensation@547d6796]
2024-10-10T14:17:03.107-04:00 DEBUG 4264 --- [o-auto-1-exec-3] c.m.c.service.impl.EmployeeServiceImpl   : Creating compensation [com.mindex.challenge.data.Compensation@547d6796]
2024-10-10T14:17:03.123-04:00 DEBUG 4264 --- [o-auto-1-exec-4] c.m.c.controller.CompensationController  : Received compensation create request for [com.mindex.challenge.data.Compensation@4227c5b8]
2024-10-10T14:17:03.123-04:00 DEBUG 4264 --- [o-auto-1-exec-4] c.m.c.service.impl.EmployeeServiceImpl   : Creating compensation [com.mindex.challenge.data.Compensation@4227c5b8]
2024-10-10T14:17:03.131-04:00 DEBUG 4264 --- [o-auto-1-exec-5] c.m.c.controller.CompensationController  : Received compensation update request for id [4e1e6b1f-1d5e-4490-b9b6-3b654c17f245] and employee [com.mindex.challenge.data.Compensation@5619a27f]
2024-10-10T14:17:03.132-04:00 DEBUG 4264 --- [o-auto-1-exec-5] c.m.c.service.impl.EmployeeServiceImpl   : Updating compensation [com.mindex.challenge.data.Compensation@5619a27f]
2024-10-10T14:17:03.155-04:00 DEBUG 4264 --- [o-auto-1-exec-6] c.m.c.controller.CompensationController  : Received compensation create request for [com.mindex.challenge.data.Compensation@48810509]
2024-10-10T14:17:03.155-04:00 DEBUG 4264 --- [o-auto-1-exec-6] c.m.c.service.impl.EmployeeServiceImpl   : Creating compensation [com.mindex.challenge.data.Compensation@48810509]
2024-10-10T14:17:03.170-04:00 DEBUG 4264 --- [o-auto-1-exec-7] c.m.c.controller.CompensationController  : Received compensation create request for [com.mindex.challenge.data.Compensation@3b81afda]
2024-10-10T14:17:03.170-04:00 DEBUG 4264 --- [o-auto-1-exec-7] c.m.c.service.impl.EmployeeServiceImpl   : Creating compensation [com.mindex.challenge.data.Compensation@3b81afda]
2024-10-10T14:17:03.176-04:00 DEBUG 4264 --- [o-auto-1-exec-8] c.m.c.controller.CompensationController  : Received compensation read request for id [b6ed1c2e-a33c-45c3-b47d-16a29445f64f]
2024-10-10T14:17:03.176-04:00 DEBUG 4264 --- [o-auto-1-exec-8] c.m.c.service.impl.EmployeeServiceImpl   : Reading compensation with id [b6ed1c2e-a33c-45c3-b47d-16a29445f64f]
2024-10-10T14:17:03.183-04:00 DEBUG 4264 --- [o-auto-1-exec-9] c.m.c.controller.CompensationController  : Received compensation update request for id [b6ed1c2e-a33c-45c3-b47d-16a29445f64f] and employee [com.mindex.challenge.data.Compensation@2156726d]
2024-10-10T14:17:03.183-04:00 DEBUG 4264 --- [o-auto-1-exec-9] c.m.c.service.impl.EmployeeServiceImpl   : Updating compensation [com.mindex.challenge.data.Compensation@2156726d]
]]></system-out>
  <system-err><![CDATA[WARNING: A Java agent has been loaded dynamically (C:\Users\Jordan\.gradle\caches\modules-2\files-2.1\net.bytebuddy\byte-buddy-agent\1.14.12\be4984cb6fd1ef1d11f218a648889dfda44b8a15\byte-buddy-agent-1.14.12.jar)
WARNING: If a serviceability tool is in use, please run with -XX:+EnableDynamicAgentLoading to hide this warning
WARNING: If a serviceability tool is not in use, please run with -Djdk.instrument.traceUsage for more information
WARNING: Dynamic loading of agents will be disallowed by default in a future release
]]></system-err>
</testsuite>
