<?xml version="1.0" encoding="UTF-8"?>
<testsuite name="com.mindex.challenge.service.impl.EmployeeServiceImplTest" tests="1" skipped="0" failures="0" errors="0" timestamp="2024-10-10T18:32:27" hostname="DESKTOP-25EDFH5" time="0.036">
  <properties/>
  <testcase name="testCreateReadUpdate" classname="com.mindex.challenge.service.impl.EmployeeServiceImplTest" time="0.036"/>
  <system-out><![CDATA[2024-10-10T14:32:27.992-04:00  INFO 20072 --- [    Test worker] t.c.s.AnnotationConfigContextLoaderUtils : Could not detect default configuration classes for test class [com.mindex.challenge.service.impl.EmployeeServiceImplTest]: EmployeeServiceImplTest does not declare any static, non-private, non-final, nested classes annotated with @Configuration.
2024-10-10T14:32:27.995-04:00  INFO 20072 --- [    Test worker] .b.t.c.SpringBootTestContextBootstrapper : Found @SpringBootConfiguration com.mindex.challenge.ChallengeApplication for test class com.mindex.challenge.service.impl.EmployeeServiceImplTest
2024-10-10T14:32:28.011-04:00 DEBUG 20072 --- [-auto-1-exec-10] c.m.c.controller.EmployeeController      : Received employee create request for [com.mindex.challenge.data.Employee@5f8dffb]
2024-10-10T14:32:28.012-04:00 DEBUG 20072 --- [-auto-1-exec-10] c.m.c.service.impl.EmployeeServiceImpl   : Creating employee [com.mindex.challenge.data.Employee@5f8dffb]
2024-10-10T14:32:28.019-04:00 DEBUG 20072 --- [o-auto-1-exec-1] c.m.c.controller.EmployeeController      : Received employee read request for id [87ca2445-ffb9-4c9d-8582-dfda6abe2348]
2024-10-10T14:32:28.019-04:00 DEBUG 20072 --- [o-auto-1-exec-1] c.m.c.service.impl.EmployeeServiceImpl   : Reading employee with id [87ca2445-ffb9-4c9d-8582-dfda6abe2348]
2024-10-10T14:32:28.029-04:00 DEBUG 20072 --- [o-auto-1-exec-2] c.m.c.controller.EmployeeController      : Received employee update request for id [87ca2445-ffb9-4c9d-8582-dfda6abe2348] and employee [com.mindex.challenge.data.Employee@17f14908]
2024-10-10T14:32:28.029-04:00 DEBUG 20072 --- [o-auto-1-exec-2] c.m.c.service.impl.EmployeeServiceImpl   : Updating employee [com.mindex.challenge.data.Employee@17f14908]
]]></system-out>
  <system-err><![CDATA[]]></system-err>
</testsuite>
