<?xml version="1.0" encoding="UTF-8"?>
<testsuite name="com.mindex.challenge.service.impl.EmployeeServiceImplTest" tests="1" skipped="0" failures="0" errors="0" timestamp="2024-10-10T18:17:04" hostname="DESKTOP-25EDFH5" time="0.048">
  <properties/>
  <testcase name="testCreateReadUpdate" classname="com.mindex.challenge.service.impl.EmployeeServiceImplTest" time="0.048"/>
  <system-out><![CDATA[2024-10-10T14:17:04.082-04:00  INFO 4264 --- [    Test worker] t.c.s.AnnotationConfigContextLoaderUtils : Could not detect default configuration classes for test class [com.mindex.challenge.service.impl.EmployeeServiceImplTest]: EmployeeServiceImplTest does not declare any static, non-private, non-final, nested classes annotated with @Configuration.
2024-10-10T14:17:04.085-04:00  INFO 4264 --- [    Test worker] .b.t.c.SpringBootTestContextBootstrapper : Found @SpringBootConfiguration com.mindex.challenge.ChallengeApplication for test class com.mindex.challenge.service.impl.EmployeeServiceImplTest
2024-10-10T14:17:04.113-04:00 DEBUG 4264 --- [-auto-1-exec-10] c.m.c.controller.EmployeeController      : Received employee create request for [com.mindex.challenge.data.Employee@52065bf7]
2024-10-10T14:17:04.114-04:00 DEBUG 4264 --- [-auto-1-exec-10] c.m.c.service.impl.EmployeeServiceImpl   : Creating employee [com.mindex.challenge.data.Employee@52065bf7]
2024-10-10T14:17:04.122-04:00 DEBUG 4264 --- [o-auto-1-exec-1] c.m.c.controller.EmployeeController      : Received employee read request for id [0fe96128-1de4-49f5-a3da-2c60ae99d9c3]
2024-10-10T14:17:04.122-04:00 DEBUG 4264 --- [o-auto-1-exec-1] c.m.c.service.impl.EmployeeServiceImpl   : Reading employee with id [0fe96128-1de4-49f5-a3da-2c60ae99d9c3]
2024-10-10T14:17:04.132-04:00 DEBUG 4264 --- [o-auto-1-exec-2] c.m.c.controller.EmployeeController      : Received employee update request for id [0fe96128-1de4-49f5-a3da-2c60ae99d9c3] and employee [com.mindex.challenge.data.Employee@fbe7773]
2024-10-10T14:17:04.132-04:00 DEBUG 4264 --- [o-auto-1-exec-2] c.m.c.service.impl.EmployeeServiceImpl   : Updating employee [com.mindex.challenge.data.Employee@fbe7773]
]]></system-out>
  <system-err><![CDATA[]]></system-err>
</testsuite>
